<?xml version="1.0" encoding="UTF-8"?>
<!-- Generated by org.testng.reporters.JUnitXMLReporter -->
<testsuite ignored="0" hostname="DESKTOP-P66OI27" failures="0" tests="5" name="Default test" time="0.109" errors="0" timestamp="2022-11-05T11:11:56 IST">
  <testcase classname="TestNG.invocationCount" name="TC1" time="0.014"/>
  <testcase classname="TestNG.invocationCount" name="TC1" time="0.004"/>
  <testcase classname="TestNG.invocationCount" name="TC1" time="0.003"/>
  <testcase classname="TestNG.invocationCount" name="TC1" time="0.004"/>
  <testcase classname="TestNG.invocationCount" name="TC1" time="0.003"/>
</testsuite> <!-- Default test -->
