<?xml version="1.0" encoding="UTF-8"?>
<testng-results ignored="0" total="3" passed="3" failed="0" skipped="0">
  <reporter-output>
  </reporter-output>
  <suite started-at="2022-11-05T12:41:39 IST" name="Suite" finished-at="2022-11-05T12:42:37 IST" duration-ms="57770">
    <groups>
    </groups>
    <test started-at="2022-11-05T12:41:39 IST" name="Test2" finished-at="2022-11-05T12:42:24 IST" duration-ms="44730">
      <class name="TestNG.Parallel_Testing2">
        <test-method signature="openBrowser2()[pri:0, instance:TestNG.Parallel_Testing2@7fee8714]" started-at="2022-11-05T12:41:39 IST" name="openBrowser2" finished-at="2022-11-05T12:42:24 IST" duration-ms="44647" status="PASS">
          <reporter-output>
          </reporter-output>
        </test-method> <!-- openBrowser2 -->
      </class> <!-- TestNG.Parallel_Testing2 -->
    </test> <!-- Test2 -->
    <test started-at="2022-11-05T12:41:39 IST" name="Test1" finished-at="2022-11-05T12:42:32 IST" duration-ms="53229">
      <class name="TestNG.Parallel_Testing1">
        <test-method signature="openBrowser1()[pri:0, instance:TestNG.Parallel_Testing1@1ba9117e]" started-at="2022-11-05T12:41:39 IST" name="openBrowser1" finished-at="2022-11-05T12:42:32 IST" duration-ms="53151" status="PASS">
          <reporter-output>
          </reporter-output>
        </test-method> <!-- openBrowser1 -->
      </class> <!-- TestNG.Parallel_Testing1 -->
    </test> <!-- Test1 -->
    <test started-at="2022-11-05T12:41:39 IST" name="Test3" finished-at="2022-11-05T12:42:37 IST" duration-ms="57770">
      <class name="TestNG.Parallel_Testing3">
        <test-method signature="openBrowser3()[pri:0, instance:TestNG.Parallel_Testing3@35aea049]" started-at="2022-11-05T12:41:39 IST" name="openBrowser3" finished-at="2022-11-05T12:42:37 IST" duration-ms="57691" status="PASS">
          <reporter-output>
          </reporter-output>
        </test-method> <!-- openBrowser3 -->
      </class> <!-- TestNG.Parallel_Testing3 -->
    </test> <!-- Test3 -->
  </suite> <!-- Suite -->
</testng-results>
